<?xml version="1.0" encoding="UTF-8"?>
<!-- Generated by org.testng.reporters.JUnitReportReporter -->
<testsuite hostname="DESKTOP-2H052U4" failures="0" tests="1" name="testpakage.testcase_loantest" time="0.015" errors="0" timestamp="2022-09-03T22:13:43 IST" skipped="0">
  <testcase classname="testpakage.testcase_loantest" name="HomeLoanTest" time="0.015"/>
  <system-out/>
</testsuite> <!-- testpakage.testcase_loantest -->
