<?xml version="1.0" encoding="UTF-8"?>
<!-- Generated by org.testng.reporters.JUnitReportReporter -->
<testsuite hostname="DESKTOP-2H052U4" failures="0" tests="1" name="testpakage.card_test" time="0.007" errors="0" timestamp="2022-09-03T12:33:11 IST" skipped="0">
  <testcase classname="testpakage.card_test" name="CCTest" time="0.007"/>
  <system-out/>
</testsuite> <!-- testpakage.card_test -->
